/users/PAS2099/clydewu117/anaconda3/envs/mvitv2/lib/python3.8/site-packages/timm/models/layers/__init__.py:48: FutureWarning: Importing from timm.models.layers is deprecated, please import via timm.layers
  warnings.warn(f"Importing from {__name__} is deprecated, please import via timm.layers", FutureWarning)
/users/PAS2099/clydewu117/anaconda3/envs/mvitv2/lib/python3.8/site-packages/torchvision/transforms/_functional_video.py:6: UserWarning: The 'torchvision.transforms._functional_video' module is deprecated since 0.12 and will be removed in the future. Please use the 'torchvision.transforms.functional' module instead.
  warnings.warn(
/users/PAS2099/clydewu117/anaconda3/envs/mvitv2/lib/python3.8/site-packages/torchvision/transforms/_transforms_video.py:22: UserWarning: The 'torchvision.transforms._transforms_video' module is deprecated since 0.12 and will be removed in the future. Please use the 'torchvision.transforms' module instead.
  warnings.warn(
Traceback (most recent call last):
  File "train_test.py", line 456, in <module>
    main()
  File "train_test.py", line 444, in main
    cfg.merge_from_file(args.config_file)
  File "/users/PAS2099/clydewu117/anaconda3/envs/mvitv2/lib/python3.8/site-packages/fvcore/common/config.py", line 119, in merge_from_file
    loaded_cfg = self.load_yaml_with_base(cfg_filename, allow_unsafe=allow_unsafe)
  File "/users/PAS2099/clydewu117/anaconda3/envs/mvitv2/lib/python3.8/site-packages/fvcore/common/config.py", line 59, in load_yaml_with_base
    with cls._open_cfg(filename) as f:
  File "/users/PAS2099/clydewu117/anaconda3/envs/mvitv2/lib/python3.8/site-packages/fvcore/common/config.py", line 40, in _open_cfg
    return g_pathmgr.open(filename, "r")
  File "/users/PAS2099/clydewu117/anaconda3/envs/mvitv2/lib/python3.8/site-packages/iopath/common/file_io.py", line 1012, in open
    bret = handler._open(path, mode, buffering=buffering, **kwargs)  # type: ignore
  File "/users/PAS2099/clydewu117/anaconda3/envs/mvitv2/lib/python3.8/site-packages/iopath/common/file_io.py", line 604, in _open
    return open(  # type: ignore
IsADirectoryError: [Errno 21] Is a directory: 'exp/new4/color_mask_k400_16frames_beginning_splitsampling_drop03'
